<?xml version="1.0" encoding="UTF-8"?>
<robot generator="Robot 4.1.3 (Python 3.10.2 on win32)" generated="20220201 21:33:34.275" rpa="false" schemaversion="2">
<suite id="s1" name="Summer" source="C:\Users\Adriano V S\Desktop\CTD - 4o Bimestre\CTD Summer Week\TESTING 1\TESTES AUTOMATIZADOS\Summer.robot">
<test id="s1-t1" name="Cadastro">
<kw name="Abrir o site da aplicação" library="Summer" type="SETUP">
<kw name="Open Browser" library="SeleniumLibrary">
<arg>${SITE}</arg>
<arg>${NAVEGADOR}</arg>
<doc>Opens a new browser instance to the optional ``url``.</doc>
<msg timestamp="20220201 21:33:34.577" level="INFO">Opening browser 'Chrome' to base url 'http://localhost:3000/'.</msg>
<status status="PASS" starttime="20220201 21:33:34.577" endtime="20220201 21:33:42.272"/>
</kw>
<kw name="Maximize Browser Window" library="SeleniumLibrary">
<doc>Maximizes current browser window.</doc>
<status status="PASS" starttime="20220201 21:33:42.273" endtime="20220201 21:33:42.389"/>
</kw>
<status status="PASS" starttime="20220201 21:33:34.576" endtime="20220201 21:33:42.389"/>
</kw>
<kw name="Abrir o site da aplicação" library="Summer">
<kw name="Open Browser" library="SeleniumLibrary">
<arg>${SITE}</arg>
<arg>${NAVEGADOR}</arg>
<doc>Opens a new browser instance to the optional ``url``.</doc>
<msg timestamp="20220201 21:33:42.390" level="INFO">Opening browser 'Chrome' to base url 'http://localhost:3000/'.</msg>
<status status="PASS" starttime="20220201 21:33:42.390" endtime="20220201 21:33:49.438"/>
</kw>
<kw name="Maximize Browser Window" library="SeleniumLibrary">
<doc>Maximizes current browser window.</doc>
<status status="PASS" starttime="20220201 21:33:49.438" endtime="20220201 21:33:49.556"/>
</kw>
<status status="PASS" starttime="20220201 21:33:42.390" endtime="20220201 21:33:49.557"/>
</kw>
<kw name="Clicar no botão (+) para cadastrar um novo filme" library="Summer">
<kw name="Wait and Click" library="Summer">
<arg>${BOTAO_CADASTRAR}</arg>
<kw name="Wait Until Element Is Visible" library="SeleniumLibrary">
<arg>${ELEMENTO}</arg>
<doc>Waits until the element ``locator`` is visible.</doc>
<status status="PASS" starttime="20220201 21:33:49.557" endtime="20220201 21:33:49.577"/>
</kw>
<kw name="Wait Until Element Is Enabled" library="SeleniumLibrary">
<arg>${ELEMENTO}</arg>
<doc>Waits until the element ``locator`` is enabled.</doc>
<status status="PASS" starttime="20220201 21:33:49.577" endtime="20220201 21:33:49.597"/>
</kw>
<kw name="Click Element" library="SeleniumLibrary">
<arg>${ELEMENTO}</arg>
<doc>Click the element identified by ``locator``.</doc>
<msg timestamp="20220201 21:33:49.597" level="INFO">Clicking element 'css=#root &gt; button'.</msg>
<status status="PASS" starttime="20220201 21:33:49.597" endtime="20220201 21:33:49.673"/>
</kw>
<status status="PASS" starttime="20220201 21:33:49.557" endtime="20220201 21:33:49.673"/>
</kw>
<status status="PASS" starttime="20220201 21:33:49.557" endtime="20220201 21:33:49.673"/>
</kw>
<kw name="Adicionar uma URL de imagem" library="Summer">
<kw name="Input Text" library="SeleniumLibrary">
<arg>${CAMPO_IMAGEM}</arg>
<arg>${URL_IMAGEM}</arg>
<doc>Types the given ``text`` into the text field identified by ``locator``.</doc>
<msg timestamp="20220201 21:33:49.674" level="INFO">Typing text 'https://m.media-amazon.com/images/I/81OOo4oFkcL._AC_SL1500_.jpg' into text field 'css=#formUrl'.</msg>
<status status="PASS" starttime="20220201 21:33:49.674" endtime="20220201 21:33:50.411"/>
</kw>
<status status="PASS" starttime="20220201 21:33:49.673" endtime="20220201 21:33:50.411"/>
</kw>
<kw name="Inserir &quot;Shrek&quot; como título do filme" library="Summer">
<kw name="Input Text" library="SeleniumLibrary">
<arg>${CAMPO_TITULO}</arg>
<arg>${TITULO}</arg>
<doc>Types the given ``text`` into the text field identified by ``locator``.</doc>
<msg timestamp="20220201 21:33:50.412" level="INFO">Typing text 'Shrék' into text field 'css=#formTitle'.</msg>
<status status="PASS" starttime="20220201 21:33:50.412" endtime="20220201 21:33:50.572"/>
</kw>
<status status="PASS" starttime="20220201 21:33:50.412" endtime="20220201 21:33:50.573"/>
</kw>
<kw name="Inserir &quot;1 filme muito legal&quot; a descrição do filme" library="Summer">
<kw name="Input Text" library="SeleniumLibrary">
<arg>${CAMPO_DESCRICAO}</arg>
<arg>${DESCRICAO}</arg>
<doc>Types the given ``text`` into the text field identified by ``locator``.</doc>
<msg timestamp="20220201 21:33:50.574" level="INFO">Typing text '1 filme muito legal' into text field 'css=#formDescription'.</msg>
<status status="PASS" starttime="20220201 21:33:50.573" endtime="20220201 21:33:50.925"/>
</kw>
<status status="PASS" starttime="20220201 21:33:50.573" endtime="20220201 21:33:50.925"/>
</kw>
<kw name="Clicar em &quot;Salvar&quot;" library="Summer">
<kw name="Wait and Click" library="Summer">
<arg>${BOTAO_SALVAR}</arg>
<kw name="Wait Until Element Is Visible" library="SeleniumLibrary">
<arg>${ELEMENTO}</arg>
<doc>Waits until the element ``locator`` is visible.</doc>
<status status="PASS" starttime="20220201 21:33:50.926" endtime="20220201 21:33:50.948"/>
</kw>
<kw name="Wait Until Element Is Enabled" library="SeleniumLibrary">
<arg>${ELEMENTO}</arg>
<doc>Waits until the element ``locator`` is enabled.</doc>
<status status="PASS" starttime="20220201 21:33:50.948" endtime="20220201 21:33:50.970"/>
</kw>
<kw name="Click Element" library="SeleniumLibrary">
<arg>${ELEMENTO}</arg>
<doc>Click the element identified by ``locator``.</doc>
<msg timestamp="20220201 21:33:50.971" level="INFO">Clicking element 'css=body &gt; div.fade.modal.show &gt; div &gt; div &gt; div.modal-footer &gt; button'.</msg>
<status status="PASS" starttime="20220201 21:33:50.970" endtime="20220201 21:33:51.005"/>
</kw>
<status status="PASS" starttime="20220201 21:33:50.925" endtime="20220201 21:33:51.005"/>
</kw>
<status status="PASS" starttime="20220201 21:33:50.925" endtime="20220201 21:33:51.005"/>
</kw>
<kw name="Close Browser" library="SeleniumLibrary" type="TEARDOWN">
<doc>Closes the current browser.</doc>
<status status="PASS" starttime="20220201 21:33:51.006" endtime="20220201 21:33:53.181"/>
</kw>
<status status="PASS" starttime="20220201 21:33:34.576" endtime="20220201 21:33:53.181"/>
</test>
<test id="s1-t2" name="Edição">
<kw name="Abrir o site da aplicação" library="Summer" type="SETUP">
<kw name="Open Browser" library="SeleniumLibrary">
<arg>${SITE}</arg>
<arg>${NAVEGADOR}</arg>
<doc>Opens a new browser instance to the optional ``url``.</doc>
<msg timestamp="20220201 21:33:53.184" level="INFO">Opening browser 'Chrome' to base url 'http://localhost:3000/'.</msg>
<status status="PASS" starttime="20220201 21:33:53.184" endtime="20220201 21:33:59.990"/>
</kw>
<kw name="Maximize Browser Window" library="SeleniumLibrary">
<doc>Maximizes current browser window.</doc>
<status status="PASS" starttime="20220201 21:33:59.990" endtime="20220201 21:34:00.110"/>
</kw>
<status status="PASS" starttime="20220201 21:33:53.183" endtime="20220201 21:34:00.110"/>
</kw>
<kw name="Abrir o site da aplicação" library="Summer">
<kw name="Open Browser" library="SeleniumLibrary">
<arg>${SITE}</arg>
<arg>${NAVEGADOR}</arg>
<doc>Opens a new browser instance to the optional ``url``.</doc>
<msg timestamp="20220201 21:34:00.111" level="INFO">Opening browser 'Chrome' to base url 'http://localhost:3000/'.</msg>
<status status="PASS" starttime="20220201 21:34:00.111" endtime="20220201 21:34:07.266"/>
</kw>
<kw name="Maximize Browser Window" library="SeleniumLibrary">
<doc>Maximizes current browser window.</doc>
<status status="PASS" starttime="20220201 21:34:07.266" endtime="20220201 21:34:07.386"/>
</kw>
<status status="PASS" starttime="20220201 21:34:00.110" endtime="20220201 21:34:07.386"/>
</kw>
<kw name="Clicar no botão (+) para cadastrar um novo filme" library="Summer">
<kw name="Wait and Click" library="Summer">
<arg>${BOTAO_CADASTRAR}</arg>
<kw name="Wait Until Element Is Visible" library="SeleniumLibrary">
<arg>${ELEMENTO}</arg>
<doc>Waits until the element ``locator`` is visible.</doc>
<status status="PASS" starttime="20220201 21:34:07.387" endtime="20220201 21:34:07.407"/>
</kw>
<kw name="Wait Until Element Is Enabled" library="SeleniumLibrary">
<arg>${ELEMENTO}</arg>
<doc>Waits until the element ``locator`` is enabled.</doc>
<status status="PASS" starttime="20220201 21:34:07.407" endtime="20220201 21:34:07.429"/>
</kw>
<kw name="Click Element" library="SeleniumLibrary">
<arg>${ELEMENTO}</arg>
<doc>Click the element identified by ``locator``.</doc>
<msg timestamp="20220201 21:34:07.429" level="INFO">Clicking element 'css=#root &gt; button'.</msg>
<status status="PASS" starttime="20220201 21:34:07.429" endtime="20220201 21:34:07.510"/>
</kw>
<status status="PASS" starttime="20220201 21:34:07.387" endtime="20220201 21:34:07.511"/>
</kw>
<status status="PASS" starttime="20220201 21:34:07.386" endtime="20220201 21:34:07.511"/>
</kw>
<kw name="Adicionar uma URL de imagem" library="Summer">
<kw name="Input Text" library="SeleniumLibrary">
<arg>${CAMPO_IMAGEM}</arg>
<arg>${URL_IMAGEM}</arg>
<doc>Types the given ``text`` into the text field identified by ``locator``.</doc>
<msg timestamp="20220201 21:34:07.513" level="INFO">Typing text 'https://m.media-amazon.com/images/I/81OOo4oFkcL._AC_SL1500_.jpg' into text field 'css=#formUrl'.</msg>
<status status="PASS" starttime="20220201 21:34:07.512" endtime="20220201 21:34:08.279"/>
</kw>
<status status="PASS" starttime="20220201 21:34:07.512" endtime="20220201 21:34:08.279"/>
</kw>
<kw name="Inserir &quot;Shrek&quot; como título do filme" library="Summer">
<kw name="Input Text" library="SeleniumLibrary">
<arg>${CAMPO_TITULO}</arg>
<arg>${TITULO}</arg>
<doc>Types the given ``text`` into the text field identified by ``locator``.</doc>
<msg timestamp="20220201 21:34:08.280" level="INFO">Typing text 'Shrék' into text field 'css=#formTitle'.</msg>
<status status="PASS" starttime="20220201 21:34:08.280" endtime="20220201 21:34:08.478"/>
</kw>
<status status="PASS" starttime="20220201 21:34:08.279" endtime="20220201 21:34:08.478"/>
</kw>
<kw name="Inserir &quot;1 filme muito legal&quot; a descrição do filme" library="Summer">
<kw name="Input Text" library="SeleniumLibrary">
<arg>${CAMPO_DESCRICAO}</arg>
<arg>${DESCRICAO}</arg>
<doc>Types the given ``text`` into the text field identified by ``locator``.</doc>
<msg timestamp="20220201 21:34:08.480" level="INFO">Typing text '1 filme muito legal' into text field 'css=#formDescription'.</msg>
<status status="PASS" starttime="20220201 21:34:08.479" endtime="20220201 21:34:08.829"/>
</kw>
<status status="PASS" starttime="20220201 21:34:08.479" endtime="20220201 21:34:08.829"/>
</kw>
<kw name="Clicar em &quot;Salvar&quot;" library="Summer">
<kw name="Wait and Click" library="Summer">
<arg>${BOTAO_SALVAR}</arg>
<kw name="Wait Until Element Is Visible" library="SeleniumLibrary">
<arg>${ELEMENTO}</arg>
<doc>Waits until the element ``locator`` is visible.</doc>
<status status="PASS" starttime="20220201 21:34:08.830" endtime="20220201 21:34:08.851"/>
</kw>
<kw name="Wait Until Element Is Enabled" library="SeleniumLibrary">
<arg>${ELEMENTO}</arg>
<doc>Waits until the element ``locator`` is enabled.</doc>
<status status="PASS" starttime="20220201 21:34:08.851" endtime="20220201 21:34:08.870"/>
</kw>
<kw name="Click Element" library="SeleniumLibrary">
<arg>${ELEMENTO}</arg>
<doc>Click the element identified by ``locator``.</doc>
<msg timestamp="20220201 21:34:08.870" level="INFO">Clicking element 'css=body &gt; div.fade.modal.show &gt; div &gt; div &gt; div.modal-footer &gt; button'.</msg>
<status status="PASS" starttime="20220201 21:34:08.870" endtime="20220201 21:34:08.901"/>
</kw>
<status status="PASS" starttime="20220201 21:34:08.830" endtime="20220201 21:34:08.901"/>
</kw>
<status status="PASS" starttime="20220201 21:34:08.829" endtime="20220201 21:34:08.902"/>
</kw>
<kw name="Close Browser" library="SeleniumLibrary" type="TEARDOWN">
<doc>Closes the current browser.</doc>
<status status="PASS" starttime="20220201 21:34:08.902" endtime="20220201 21:34:11.055"/>
</kw>
<status status="PASS" starttime="20220201 21:33:53.183" endtime="20220201 21:34:11.055"/>
</test>
<status status="PASS" starttime="20220201 21:33:34.277" endtime="20220201 21:34:11.057"/>
</suite>
<statistics>
<total>
<stat pass="2" fail="0" skip="0">All Tests</stat>
</total>
<tag>
</tag>
<suite>
<stat pass="2" fail="0" skip="0" id="s1" name="Summer">Summer</stat>
</suite>
</statistics>
<errors>
<msg timestamp="20220201 21:33:34.574" level="ERROR">Error in resource file 'C:\Users\Adriano V S\Desktop\CTD - 4o Bimestre\CTD Summer Week\TESTING 1\TESTES AUTOMATIZADOS\Summer.resource': Creating keyword 'Wait and Input Text' failed: Invalid argument specification: Invalid argument syntax '{TEXTO}'.</msg>
</errors>
</robot>
